2002.07.04 12:02 B C:\WINDOWS\Desktop\site3\finnish\pics\updis.gif <-- Allan /afs/.ac.psiweb.com/home/21/ac002583/site3/finnish/pics updis.gif
2002.07.04 12:02 B C:\WINDOWS\Desktop\site3\finnish\pics\up.gif <-- Allan /afs/.ac.psiweb.com/home/21/ac002583/site3/finnish/pics up.gif
2002.07.04 12:02 B C:\WINDOWS\Desktop\site3\finnish\pics\rightdis.gif <-- Allan /afs/.ac.psiweb.com/home/21/ac002583/site3/finnish/pics rightdis.gif
2002.07.04 12:02 B C:\WINDOWS\Desktop\site3\finnish\pics\right.gif <-- Allan /afs/.ac.psiweb.com/home/21/ac002583/site3/finnish/pics right.gif
2002.07.04 12:02 B C:\WINDOWS\Desktop\site3\finnish\pics\maildis.gif <-- Allan /afs/.ac.psiweb.com/home/21/ac002583/site3/finnish/pics maildis.gif
2002.07.04 12:02 B C:\WINDOWS\Desktop\site3\finnish\pics\mail-sm.gif <-- Allan /afs/.ac.psiweb.com/home/21/ac002583/site3/finnish/pics mail-sm.gif
2002.07.04 12:02 B C:\WINDOWS\Desktop\site3\finnish\pics\leftdis.gif <-- Allan /afs/.ac.psiweb.com/home/21/ac002583/site3/finnish/pics leftdis.gif
2002.07.04 12:02 B C:\WINDOWS\Desktop\site3\finnish\pics\left.gif <-- Allan /afs/.ac.psiweb.com/home/21/ac002583/site3/finnish/pics left.gif
2002.07.04 12:02 B C:\WINDOWS\Desktop\site3\finnish\pics\homedis.gif <-- Allan /afs/.ac.psiweb.com/home/21/ac002583/site3/finnish/pics homedis.gif
2002.07.04 12:02 B C:\WINDOWS\Desktop\site3\finnish\pics\home.gif <-- Allan /afs/.ac.psiweb.com/home/21/ac002583/site3/finnish/pics home.gif
2002.07.04 12:02 B C:\WINDOWS\Desktop\site3\finnish\pics\helpdis.gif <-- Allan /afs/.ac.psiweb.com/home/21/ac002583/site3/finnish/pics helpdis.gif
2002.07.04 12:02 B C:\WINDOWS\Desktop\site3\finnish\pics\help-sm.gif <-- Allan /afs/.ac.psiweb.com/home/21/ac002583/site3/finnish/pics help-sm.gif
2002.07.04 12:02 B C:\WINDOWS\Desktop\site3\finnish\pics\downdis.gif <-- Allan /afs/.ac.psiweb.com/home/21/ac002583/site3/finnish/pics downdis.gif
2002.07.04 12:02 B C:\WINDOWS\Desktop\site3\finnish\pics\down.gif <-- Allan /afs/.ac.psiweb.com/home/21/ac002583/site3/finnish/pics down.gif
2002.07.04 12:02 B C:\WINDOWS\Desktop\site3\finnish\pics\moose1.jpg <-- Allan /afs/.ac.psiweb.com/home/21/ac002583/site3/finnish/pics moose1.jpg
2002.07.04 12:02 B C:\WINDOWS\Desktop\site3\finnish\pics\flag.gif <-- Allan /afs/.ac.psiweb.com/home/21/ac002583/site3/finnish/pics flag.gif
2002.07.04 12:21 B C:\WINDOWS\Desktop\site3\finnish\pics\down.gif --> ftp.ac002583.ac.psiweb.com /afs/.ac.psiweb.com/home/21/ac002583/finnish/pics down.gif
2002.07.04 12:21 B C:\WINDOWS\Desktop\site3\finnish\pics\downdis.gif --> ftp.ac002583.ac.psiweb.com /afs/.ac.psiweb.com/home/21/ac002583/finnish/pics downdis.gif
2002.07.04 12:21 B C:\WINDOWS\Desktop\site3\finnish\pics\flag.gif --> ftp.ac002583.ac.psiweb.com /afs/.ac.psiweb.com/home/21/ac002583/finnish/pics flag.gif
2002.07.04 12:21 B C:\WINDOWS\Desktop\site3\finnish\pics\help-sm.gif --> ftp.ac002583.ac.psiweb.com /afs/.ac.psiweb.com/home/21/ac002583/finnish/pics help-sm.gif
2002.07.04 12:21 B C:\WINDOWS\Desktop\site3\finnish\pics\helpdis.gif --> ftp.ac002583.ac.psiweb.com /afs/.ac.psiweb.com/home/21/ac002583/finnish/pics helpdis.gif
2002.07.04 12:21 B C:\WINDOWS\Desktop\site3\finnish\pics\home.gif --> ftp.ac002583.ac.psiweb.com /afs/.ac.psiweb.com/home/21/ac002583/finnish/pics home.gif
2002.07.04 12:21 B C:\WINDOWS\Desktop\site3\finnish\pics\homedis.gif --> ftp.ac002583.ac.psiweb.com /afs/.ac.psiweb.com/home/21/ac002583/finnish/pics homedis.gif
2002.07.04 12:21 B C:\WINDOWS\Desktop\site3\finnish\pics\left.gif --> ftp.ac002583.ac.psiweb.com /afs/.ac.psiweb.com/home/21/ac002583/finnish/pics left.gif
2002.07.04 12:21 B C:\WINDOWS\Desktop\site3\finnish\pics\leftdis.gif --> ftp.ac002583.ac.psiweb.com /afs/.ac.psiweb.com/home/21/ac002583/finnish/pics leftdis.gif
2002.07.04 12:21 B C:\WINDOWS\Desktop\site3\finnish\pics\mail-sm.gif --> ftp.ac002583.ac.psiweb.com /afs/.ac.psiweb.com/home/21/ac002583/finnish/pics mail-sm.gif
2002.07.04 12:21 B C:\WINDOWS\Desktop\site3\finnish\pics\maildis.gif --> ftp.ac002583.ac.psiweb.com /afs/.ac.psiweb.com/home/21/ac002583/finnish/pics maildis.gif
2002.07.04 12:21 B C:\WINDOWS\Desktop\site3\finnish\pics\moose1.jpg --> ftp.ac002583.ac.psiweb.com /afs/.ac.psiweb.com/home/21/ac002583/finnish/pics moose1.jpg
2002.07.04 12:21 B C:\WINDOWS\Desktop\site3\finnish\pics\right.gif --> ftp.ac002583.ac.psiweb.com /afs/.ac.psiweb.com/home/21/ac002583/finnish/pics right.gif
2002.07.04 12:21 B C:\WINDOWS\Desktop\site3\finnish\pics\rightdis.gif --> ftp.ac002583.ac.psiweb.com /afs/.ac.psiweb.com/home/21/ac002583/finnish/pics rightdis.gif
2002.07.04 12:21 B C:\WINDOWS\Desktop\site3\finnish\pics\up.gif --> ftp.ac002583.ac.psiweb.com /afs/.ac.psiweb.com/home/21/ac002583/finnish/pics up.gif
2002.07.04 12:21 B C:\WINDOWS\Desktop\site3\finnish\pics\updis.gif --> ftp.ac002583.ac.psiweb.com /afs/.ac.psiweb.com/home/21/ac002583/finnish/pics updis.gif
