2002.07.04 12:02 B C:\WINDOWS\Desktop\site3\finnish\newlist.html <-- Allan /afs/.ac.psiweb.com/home/21/ac002583/site3/finnish newlist.html
2002.07.04 12:02 B C:\WINDOWS\Desktop\site3\finnish\index.html <-- Allan /afs/.ac.psiweb.com/home/21/ac002583/site3/finnish index.html
2002.07.04 12:02 B C:\WINDOWS\Desktop\site3\finnish\smalltalk.html <-- Allan /afs/.ac.psiweb.com/home/21/ac002583/site3/finnish smalltalk.html
2002.07.04 12:02 B C:\WINDOWS\Desktop\site3\finnish\vocab.html <-- Allan /afs/.ac.psiweb.com/home/21/ac002583/site3/finnish vocab.html
2002.07.04 12:02 B C:\WINDOWS\Desktop\site3\finnish\date.html <-- Allan /afs/.ac.psiweb.com/home/21/ac002583/site3/finnish date.html
2002.07.04 12:02 B C:\WINDOWS\Desktop\site3\finnish\occasions.html <-- Allan /afs/.ac.psiweb.com/home/21/ac002583/site3/finnish occasions.html
2002.07.04 12:02 B C:\WINDOWS\Desktop\site3\finnish\questions.html <-- Allan /afs/.ac.psiweb.com/home/21/ac002583/site3/finnish questions.html
2002.07.04 12:02 B C:\WINDOWS\Desktop\site3\finnish\verbs.html <-- Allan /afs/.ac.psiweb.com/home/21/ac002583/site3/finnish verbs.html
2002.07.04 12:02 B C:\WINDOWS\Desktop\site3\finnish\survey.html <-- Allan /afs/.ac.psiweb.com/home/21/ac002583/site3/finnish survey.html
2002.07.04 12:03 B C:\WINDOWS\Desktop\site3\finnish\pronounce.html <-- Allan /afs/.ac.psiweb.com/home/21/ac002583/site3/finnish pronounce.html
2002.07.04 12:03 B C:\WINDOWS\Desktop\site3\finnish\numbers.html <-- Allan /afs/.ac.psiweb.com/home/21/ac002583/site3/finnish numbers.html
2002.07.04 12:03 B C:\WINDOWS\Desktop\site3\finnish\nasty.html <-- Allan /afs/.ac.psiweb.com/home/21/ac002583/site3/finnish nasty.html
2002.07.04 12:03 B C:\WINDOWS\Desktop\site3\finnish\hello.html <-- Allan /afs/.ac.psiweb.com/home/21/ac002583/site3/finnish hello.html
2002.07.04 12:03 B C:\WINDOWS\Desktop\site3\finnish\formsuccess.html <-- Allan /afs/.ac.psiweb.com/home/21/ac002583/site3/finnish formsuccess.html
2002.07.04 12:03 A C:\WINDOWS\Desktop\site3\finnish\form.txt <-- Allan /afs/.ac.psiweb.com/home/21/ac002583/site3/finnish form.txt
2002.07.04 12:03 B C:\WINDOWS\Desktop\site3\finnish\family.html <-- Allan /afs/.ac.psiweb.com/home/21/ac002583/site3/finnish family.html
2002.07.04 12:03 B C:\WINDOWS\Desktop\site3\finnish\colours.html <-- Allan /afs/.ac.psiweb.com/home/21/ac002583/site3/finnish colours.html
2002.07.04 12:03 B C:\WINDOWS\Desktop\site3\finnish\goodies.html <-- Allan /afs/.ac.psiweb.com/home/21/ac002583/site3/finnish goodies.html
2002.07.04 12:03 B C:\WINDOWS\Desktop\site3\finnish\datetime.html <-- Allan /afs/.ac.psiweb.com/home/21/ac002583/site3/finnish datetime.html
2002.07.04 12:21 B C:\WINDOWS\Desktop\site3\finnish\colours.html --> ftp.ac002583.ac.psiweb.com /afs/.ac.psiweb.com/home/21/ac002583/finnish colours.html
2002.07.04 12:21 B C:\WINDOWS\Desktop\site3\finnish\date.html --> ftp.ac002583.ac.psiweb.com /afs/.ac.psiweb.com/home/21/ac002583/finnish date.html
2002.07.04 12:21 B C:\WINDOWS\Desktop\site3\finnish\datetime.html --> ftp.ac002583.ac.psiweb.com /afs/.ac.psiweb.com/home/21/ac002583/finnish datetime.html
2002.07.04 12:21 B C:\WINDOWS\Desktop\site3\finnish\family.html --> ftp.ac002583.ac.psiweb.com /afs/.ac.psiweb.com/home/21/ac002583/finnish family.html
2002.07.04 12:21 A C:\WINDOWS\Desktop\site3\finnish\form.txt --> ftp.ac002583.ac.psiweb.com /afs/.ac.psiweb.com/home/21/ac002583/finnish form.txt
2002.07.04 12:21 B C:\WINDOWS\Desktop\site3\finnish\formsuccess.html --> ftp.ac002583.ac.psiweb.com /afs/.ac.psiweb.com/home/21/ac002583/finnish formsuccess.html
2002.07.04 12:21 B C:\WINDOWS\Desktop\site3\finnish\goodies.html --> ftp.ac002583.ac.psiweb.com /afs/.ac.psiweb.com/home/21/ac002583/finnish goodies.html
2002.07.04 12:21 B C:\WINDOWS\Desktop\site3\finnish\hello.html --> ftp.ac002583.ac.psiweb.com /afs/.ac.psiweb.com/home/21/ac002583/finnish hello.html
2002.07.04 12:21 B C:\WINDOWS\Desktop\site3\finnish\index.html --> ftp.ac002583.ac.psiweb.com /afs/.ac.psiweb.com/home/21/ac002583/finnish index.html
2002.07.04 12:21 B C:\WINDOWS\Desktop\site3\finnish\nasty.html --> ftp.ac002583.ac.psiweb.com /afs/.ac.psiweb.com/home/21/ac002583/finnish nasty.html
2002.07.04 12:21 B C:\WINDOWS\Desktop\site3\finnish\newlist.html --> ftp.ac002583.ac.psiweb.com /afs/.ac.psiweb.com/home/21/ac002583/finnish newlist.html
2002.07.04 12:21 B C:\WINDOWS\Desktop\site3\finnish\numbers.html --> ftp.ac002583.ac.psiweb.com /afs/.ac.psiweb.com/home/21/ac002583/finnish numbers.html
2002.07.04 12:21 B C:\WINDOWS\Desktop\site3\finnish\occasions.html --> ftp.ac002583.ac.psiweb.com /afs/.ac.psiweb.com/home/21/ac002583/finnish occasions.html
2002.07.04 12:21 B C:\WINDOWS\Desktop\site3\finnish\pronounce.html --> ftp.ac002583.ac.psiweb.com /afs/.ac.psiweb.com/home/21/ac002583/finnish pronounce.html
2002.07.04 12:21 B C:\WINDOWS\Desktop\site3\finnish\questions.html --> ftp.ac002583.ac.psiweb.com /afs/.ac.psiweb.com/home/21/ac002583/finnish questions.html
2002.07.04 12:21 B C:\WINDOWS\Desktop\site3\finnish\smalltalk.html --> ftp.ac002583.ac.psiweb.com /afs/.ac.psiweb.com/home/21/ac002583/finnish smalltalk.html
2002.07.04 12:21 B C:\WINDOWS\Desktop\site3\finnish\survey.html --> ftp.ac002583.ac.psiweb.com /afs/.ac.psiweb.com/home/21/ac002583/finnish survey.html
2002.07.04 12:21 B C:\WINDOWS\Desktop\site3\finnish\verbs.html --> ftp.ac002583.ac.psiweb.com /afs/.ac.psiweb.com/home/21/ac002583/finnish verbs.html
2002.07.04 12:21 B C:\WINDOWS\Desktop\site3\finnish\vocab.html --> ftp.ac002583.ac.psiweb.com /afs/.ac.psiweb.com/home/21/ac002583/finnish vocab.html
